<?xml version="1.0" encoding="UTF-8"?>
<!-- Generated by org.testng.reporters.JUnitReportReporter -->
<testsuite skipped="0" hostname="LAPTOP-D4D1U2F3" name="naukriuploadresume.naukri" tests="3" failures="0" timestamp="25 Jun 2020 12:11:26 GMT" time="24.907" errors="0">
  <testcase name="login" time="14.521" classname="naukriuploadresume.naukri"/>
  <testcase name="moveprofilrpage" time="10.278" classname="naukriuploadresume.naukri"/>
  <testcase name="uploadresume" time="0.108" classname="naukriuploadresume.naukri"/>
</testsuite> <!-- naukriuploadresume.naukri -->
